SF:/home/julien.rocco/EclipseWorkspace/_JRO_LaPlay/Dev_Backend/LaPlay.Api/z_Deprecated/Log.cs
FN:25,System.Void Deprecated.Log::ThreadSafeLog(System.String)
FNDA:0,System.Void Deprecated.Log::ThreadSafeLog(System.String)
DA:26,0
DA:27,0
DA:28,0
DA:32,0
DA:33,0
FN:43,System.Void Deprecated.Log::Production(System.String)
FNDA:0,System.Void Deprecated.Log::Production(System.String)
DA:44,0
DA:45,0
DA:46,0
BRDA:45,15,0,0
BRDA:45,15,1,0
FN:47,System.Void Deprecated.Log::Developpement(System.String)
FNDA:0,System.Void Deprecated.Log::Developpement(System.String)
DA:48,0
DA:49,0
DA:50,0
BRDA:49,15,0,0
BRDA:49,15,1,0
FN:22,System.Void Deprecated.Log::.ctor(Deprecated.Log/Level)
FNDA:0,System.Void Deprecated.Log::.ctor(Deprecated.Log/Level)
DA:23,0
DA:35,0
DA:36,0
DA:37,0
DA:38,0
DA:40,0
DA:41,0
LF:18
LH:0
BRF:4
BRH:0
FNF:4
FNH:0
end_of_record
SF:/home/julien.rocco/EclipseWorkspace/_JRO_LaPlay/Dev_Backend/LaPlay.Api/Program.cs
FN:17,System.Void LaPlay.Program::Main(System.String[])
FNDA:0,System.Void LaPlay.Program::Main(System.String[])
DA:18,0
DA:20,0
DA:22,0
DA:23,0
DA:24,0
DA:25,0
DA:26,0
DA:27,0
DA:29,0
DA:30,0
DA:33,0
DA:35,0
DA:36,0
DA:37,0
FN:39,Microsoft.AspNetCore.Hosting.IWebHost LaPlay.Program::buildWebHost(System.String[])
FNDA:0,Microsoft.AspNetCore.Hosting.IWebHost LaPlay.Program::buildWebHost(System.String[])
DA:40,0
DA:41,0
DA:42,0
DA:43,0
DA:44,0
DA:45,0
DA:47,0
DA:48,0
DA:49,0
DA:50,0
DA:51,0
DA:52,0
DA:53,0
DA:54,0
DA:55,0
DA:56,0
DA:57,0
DA:58,0
DA:59,0
DA:60,0
DA:61,0
DA:62,0
DA:63,0
DA:64,0
DA:65,0
DA:66,0
DA:67,0
DA:69,0
DA:106,0
BRDA:47,77,0,0
BRDA:47,77,1,0
FN:109,Microsoft.AspNetCore.Hosting.IWebHostBuilder LaPlay.Program::CreateWebHostBuilder(System.String[])
FNDA:0,Microsoft.AspNetCore.Hosting.IWebHostBuilder LaPlay.Program::CreateWebHostBuilder(System.String[])
DA:110,0
DA:111,0
DA:112,0
DA:113,0
DA:114,0
DA:115,0
DA:116,0
DA:117,0
BRDA:110,17,0,0
BRDA:110,17,1,0
LF:51
LH:0
BRF:4
BRH:0
FNF:3
FNH:0
end_of_record
SF:/home/julien.rocco/EclipseWorkspace/_JRO_LaPlay/Dev_Backend/LaPlay.Api/Startup.cs
FN:20,Microsoft.Extensions.Configuration.IConfiguration LaPlay.Startup::get_Configuration()
FNDA:0,Microsoft.Extensions.Configuration.IConfiguration LaPlay.Startup::get_Configuration()
DA:21,0
FN:29,System.Void LaPlay.Startup::ConfigureServices(Microsoft.Extensions.DependencyInjection.IServiceCollection)
FNDA:2,System.Void LaPlay.Startup::ConfigureServices(Microsoft.Extensions.DependencyInjection.IServiceCollection)
DA:30,2
DA:31,2
DA:33,2
DA:34,2
DA:36,2
FN:39,System.Void LaPlay.Startup::Configure(Microsoft.AspNetCore.Builder.IApplicationBuilder,Microsoft.AspNetCore.Hosting.IHostingEnvironment)
FNDA:2,System.Void LaPlay.Startup::Configure(Microsoft.AspNetCore.Builder.IApplicationBuilder,Microsoft.AspNetCore.Hosting.IHostingEnvironment)
DA:40,2
DA:41,2
DA:42,0
DA:43,0
DA:44,0
DA:46,2
DA:47,2
DA:48,2
DA:50,2
DA:51,2
DA:52,2
BRDA:41,9,0,0
BRDA:41,9,1,2
FN:22,System.Void LaPlay.Startup::.ctor(Microsoft.Extensions.Configuration.IConfiguration)
FNDA:2,System.Void LaPlay.Startup::.ctor(Microsoft.Extensions.Configuration.IConfiguration)
DA:23,2
DA:24,2
DA:25,2
DA:26,2
LF:21
LH:17
BRF:2
BRH:1
FNF:4
FNH:3
end_of_record
SF:/home/julien.rocco/EclipseWorkspace/_JRO_LaPlay/Dev_Backend/LaPlay.Api/z_StandBy/DriveManagerCompanion.cs
FN:23,System.String LaPlay.Infrastructure.DriveManagerCompanion::listBlockDevices()
FNDA:0,System.String LaPlay.Infrastructure.DriveManagerCompanion::listBlockDevices()
DA:24,0
DA:26,0
DA:28,0
DA:29,0
FN:31,System.Void LaPlay.Infrastructure.DriveManagerCompanion::createPartition(System.String)
FNDA:0,System.Void LaPlay.Infrastructure.DriveManagerCompanion::createPartition(System.String)
DA:32,0
DA:34,0
FN:36,System.Void LaPlay.Infrastructure.DriveManagerCompanion::listPartitions()
FNDA:0,System.Void LaPlay.Infrastructure.DriveManagerCompanion::listPartitions()
DA:37,0
DA:39,0
FN:44,System.Void LaPlay.Infrastructure.DriveManagerCompanion::deletePartition(System.String)
FNDA:0,System.Void LaPlay.Infrastructure.DriveManagerCompanion::deletePartition(System.String)
DA:45,0
DA:49,0
DA:53,0
DA:54,0
DA:55,0
DA:56,0
DA:57,0
DA:58,0
FN:60,System.Void LaPlay.Infrastructure.DriveManagerCompanion::createPartitionMountPoint(System.String,System.String)
FNDA:0,System.Void LaPlay.Infrastructure.DriveManagerCompanion::createPartitionMountPoint(System.String,System.String)
DA:61,0
DA:65,0
FN:67,System.Void LaPlay.Infrastructure.DriveManagerCompanion::listPartitionMountPoints()
FNDA:0,System.Void LaPlay.Infrastructure.DriveManagerCompanion::listPartitionMountPoints()
DA:68,0
DA:70,0
FN:72,System.Void LaPlay.Infrastructure.DriveManagerCompanion::deletePartitionMountPoint(System.String)
FNDA:0,System.Void LaPlay.Infrastructure.DriveManagerCompanion::deletePartitionMountPoint(System.String)
DA:73,0
DA:79,0
FN:16,System.Void LaPlay.Infrastructure.DriveManagerCompanion::.ctor(LaPlay.Infrastructure.Shell.IShellContract)
FNDA:0,System.Void LaPlay.Infrastructure.DriveManagerCompanion::.ctor(LaPlay.Infrastructure.Shell.IShellContract)
DA:17,0
DA:18,0
DA:20,0
DA:21,0
LF:26
LH:0
BRF:0
BRH:0
FNF:8
FNH:0
end_of_record
SF:/home/julien.rocco/EclipseWorkspace/_JRO_LaPlay/Dev_Backend/LaPlay.Api/Sources/Infrastructure/Synchronization/SynchronizationAdapter.cs
FN:44,System.Collections.Generic.List`1<LaPlay.Infrastructure.Synchronization.SynchronizationAdapter/LSFile> LaPlay.Infrastructure.Synchronization.SynchronizationAdapter::ListFiles(System.String)
FNDA:1,System.Collections.Generic.List`1<LaPlay.Infrastructure.Synchronization.SynchronizationAdapter/LSFile> LaPlay.Infrastructure.Synchronization.SynchronizationAdapter::ListFiles(System.String)
DA:45,1
DA:46,1
DA:47,3865
DA:48,3861
DA:49,1
DA:50,1
BRDA:46,42,0,1
BRDA:46,42,1,1
BRDA:46,78,0,1
BRDA:46,78,1,1
FN:52,System.Collections.Generic.List`1<System.Tuple`2<LaPlay.Infrastructure.Synchronization.SynchronizationAdapter/LSFile,LaPlay.Infrastructure.Synchronization.SynchronizationAdapter/LSFile>> LaPlay.Infrastructure.Synchronization.SynchronizationAdapter::FullJoin(System.Collections.Generic.List`1<LaPlay.Infrastructure.Synchronization.SynchronizationAdapter/LSFile>,System.Collections.Generic.List`1<LaPlay.Infrastructure.Synchronization.SynchronizationAdapter/LSFile>)
FNDA:1,System.Collections.Generic.List`1<System.Tuple`2<LaPlay.Infrastructure.Synchronization.SynchronizationAdapter/LSFile,LaPlay.Infrastructure.Synchronization.SynchronizationAdapter/LSFile>> LaPlay.Infrastructure.Synchronization.SynchronizationAdapter::FullJoin(System.Collections.Generic.List`1<LaPlay.Infrastructure.Synchronization.SynchronizationAdapter/LSFile>,System.Collections.Generic.List`1<LaPlay.Infrastructure.Synchronization.SynchronizationAdapter/LSFile>)
DA:53,1
DA:55,1
DA:56,30
DA:57,21
DA:58,11
DA:59,4
DA:61,1
DA:62,30
DA:63,11
DA:64,8
DA:66,1
DA:67,29
DA:68,19
DA:69,10
DA:70,3
DA:72,1
DA:73,1
BRDA:55,9,0,1
BRDA:55,9,1,1
BRDA:55,40,0,1
BRDA:55,40,1,1
BRDA:55,71,0,1
BRDA:55,71,1,1
BRDA:55,107,0,1
BRDA:55,107,1,1
BRDA:55,138,0,1
BRDA:55,138,1,1
BRDA:55,174,0,1
BRDA:55,174,1,1
BRDA:55,210,0,1
BRDA:55,210,1,1
BRDA:61,249,0,1
BRDA:61,249,1,1
BRDA:61,280,0,1
BRDA:61,280,1,1
BRDA:61,311,0,1
BRDA:61,311,1,1
BRDA:61,347,0,1
BRDA:61,347,1,1
BRDA:61,378,0,1
BRDA:61,378,1,1
BRDA:66,417,0,1
BRDA:66,417,1,1
BRDA:66,448,0,1
BRDA:66,448,1,1
BRDA:66,479,0,1
BRDA:66,479,1,1
BRDA:66,515,0,1
BRDA:66,515,1,1
BRDA:66,546,0,1
BRDA:66,546,1,1
BRDA:66,582,0,1
BRDA:66,582,1,1
BRDA:66,618,0,1
BRDA:66,618,1,1
FN:75,System.Void LaPlay.Infrastructure.Synchronization.SynchronizationAdapter::CopyToMirror(System.String,System.String,LaPlay.Infrastructure.Synchronization.SynchronizationAdapter/LSFile)
FNDA:1,System.Void LaPlay.Infrastructure.Synchronization.SynchronizationAdapter::CopyToMirror(System.String,System.String,LaPlay.Infrastructure.Synchronization.SynchronizationAdapter/LSFile)
DA:76,1
DA:77,1
DA:78,1
DA:79,1
FN:79,System.Void LaPlay.Infrastructure.Synchronization.SynchronizationAdapter::DeleteFileOrDirectory(System.String)
FNDA:3,System.Void LaPlay.Infrastructure.Synchronization.SynchronizationAdapter::DeleteFileOrDirectory(System.String)
DA:80,3
FN:80,System.Collections.Generic.List`1<LaPlay.Infrastructure.Synchronization.SynchronizationAdapter/LSFile> LaPlay.Infrastructure.Synchronization.SynchronizationAdapter::FilterNewFiles(System.Collections.Generic.List`1<System.Tuple`2<LaPlay.Infrastructure.Synchronization.SynchronizationAdapter/LSFile,LaPlay.Infrastructure.Synchronization.SynchronizationAdapter/LSFile>>)
FNDA:0,System.Collections.Generic.List`1<LaPlay.Infrastructure.Synchronization.SynchronizationAdapter/LSFile> LaPlay.Infrastructure.Synchronization.SynchronizationAdapter::FilterNewFiles(System.Collections.Generic.List`1<System.Tuple`2<LaPlay.Infrastructure.Synchronization.SynchronizationAdapter/LSFile,LaPlay.Infrastructure.Synchronization.SynchronizationAdapter/LSFile>>)
DA:81,0
BRDA:81,8,0,0
BRDA:81,8,1,0
BRDA:81,44,0,0
BRDA:81,44,1,0
FN:81,System.Collections.Generic.List`1<LaPlay.Infrastructure.Synchronization.SynchronizationAdapter/LSFile> LaPlay.Infrastructure.Synchronization.SynchronizationAdapter::FilterUpdatedFiles(System.Collections.Generic.List`1<System.Tuple`2<LaPlay.Infrastructure.Synchronization.SynchronizationAdapter/LSFile,LaPlay.Infrastructure.Synchronization.SynchronizationAdapter/LSFile>>)
FNDA:0,System.Collections.Generic.List`1<LaPlay.Infrastructure.Synchronization.SynchronizationAdapter/LSFile> LaPlay.Infrastructure.Synchronization.SynchronizationAdapter::FilterUpdatedFiles(System.Collections.Generic.List`1<System.Tuple`2<LaPlay.Infrastructure.Synchronization.SynchronizationAdapter/LSFile,LaPlay.Infrastructure.Synchronization.SynchronizationAdapter/LSFile>>)
DA:82,0
BRDA:82,8,0,0
BRDA:82,8,1,0
BRDA:82,44,0,0
BRDA:82,44,1,0
FN:82,System.Collections.Generic.List`1<LaPlay.Infrastructure.Synchronization.SynchronizationAdapter/LSFile> LaPlay.Infrastructure.Synchronization.SynchronizationAdapter::FilterDeletedFiles(System.Collections.Generic.List`1<System.Tuple`2<LaPlay.Infrastructure.Synchronization.SynchronizationAdapter/LSFile,LaPlay.Infrastructure.Synchronization.SynchronizationAdapter/LSFile>>)
FNDA:0,System.Collections.Generic.List`1<LaPlay.Infrastructure.Synchronization.SynchronizationAdapter/LSFile> LaPlay.Infrastructure.Synchronization.SynchronizationAdapter::FilterDeletedFiles(System.Collections.Generic.List`1<System.Tuple`2<LaPlay.Infrastructure.Synchronization.SynchronizationAdapter/LSFile,LaPlay.Infrastructure.Synchronization.SynchronizationAdapter/LSFile>>)
DA:83,0
BRDA:83,8,0,0
BRDA:83,8,1,0
BRDA:83,44,0,0
BRDA:83,44,1,0
FN:85,System.Void LaPlay.Infrastructure.Synchronization.SynchronizationAdapter::Synchronize(System.String,System.String)
FNDA:0,System.Void LaPlay.Infrastructure.Synchronization.SynchronizationAdapter::Synchronize(System.String,System.String)
DA:86,0
DA:87,0
DA:88,0
DA:90,0
DA:91,0
DA:93,0
DA:95,0
DA:96,0
DA:97,0
DA:98,0
FN:100,System.Void LaPlay.Infrastructure.Synchronization.SynchronizationAdapter::a()
FNDA:0,System.Void LaPlay.Infrastructure.Synchronization.SynchronizationAdapter::a()
DA:101,0
DA:102,0
DA:103,0
FN:38,System.Void LaPlay.Infrastructure.Synchronization.SynchronizationAdapter::.ctor(LaPlay.Infrastructure.Shell.IShellContract)
FNDA:4,System.Void LaPlay.Infrastructure.Synchronization.SynchronizationAdapter::.ctor(LaPlay.Infrastructure.Shell.IShellContract)
DA:39,4
DA:40,4
DA:41,4
DA:42,4
FN:18,System.Void LaPlay.Infrastructure.Synchronization.SynchronizationAdapter/LSFile::.ctor(System.String)
FNDA:3880,System.Void LaPlay.Infrastructure.Synchronization.SynchronizationAdapter/LSFile::.ctor(System.String)
DA:19,3880
DA:26,3880
DA:27,3880
DA:28,3880
DA:30,3880
DA:31,3880
DA:32,3880
DA:33,3880
DA:34,3880
LF:57
LH:41
BRF:56
BRH:42
FNF:11
FNH:6
end_of_record
SF:/home/julien.rocco/EclipseWorkspace/_JRO_LaPlay/Dev_Backend/LaPlay.Api/Sources/Infrastructure/Shell/LinuxAdapter.cs
FN:17,System.String LaPlay.Infrastructure.Shell.LinuxAdapter::RunCommand(System.String)
FNDA:3,System.String LaPlay.Infrastructure.Shell.LinuxAdapter::RunCommand(System.String)
DA:18,3
DA:19,3
DA:21,3
DA:22,3
DA:23,3
DA:24,3
DA:25,3
DA:26,3
DA:27,3
DA:28,3
DA:29,3
DA:30,3
DA:31,3
DA:32,3
DA:33,3
DA:34,3
DA:35,3
DA:36,3
FN:38,System.Diagnostics.Process LaPlay.Infrastructure.Shell.LinuxAdapter::RunNeverEndingCommand(System.String)
FNDA:0,System.Diagnostics.Process LaPlay.Infrastructure.Shell.LinuxAdapter::RunNeverEndingCommand(System.String)
DA:39,0
DA:40,0
DA:42,0
DA:43,0
DA:44,0
DA:45,0
DA:46,0
DA:47,0
DA:48,0
DA:49,0
DA:50,0
DA:51,0
DA:52,0
DA:53,0
DA:55,0
DA:56,0
FN:58,System.Collections.Generic.List`1<System.IO.FileInfo> LaPlay.Infrastructure.Shell.LinuxAdapter::ListFiles(System.String)
FNDA:0,System.Collections.Generic.List`1<System.IO.FileInfo> LaPlay.Infrastructure.Shell.LinuxAdapter::ListFiles(System.String)
DA:59,0
DA:60,0
DA:62,0
DA:63,0
DA:64,0
DA:65,0
DA:68,0
DA:70,0
DA:72,0
DA:73,0
DA:76,0
DA:78,0
DA:80,0
DA:81,0
DA:84,0
DA:86,0
DA:88,0
DA:89,0
DA:92,0
DA:94,0
DA:95,0
DA:96,0
DA:98,0
DA:99,0
DA:101,0
DA:103,0
DA:138,0
BRDA:62,162,0,0
BRDA:62,162,1,0
BRDA:62,198,0,0
BRDA:62,198,1,0
BRDA:62,234,0,0
BRDA:62,234,1,0
BRDA:70,307,0,0
BRDA:70,307,1,0
BRDA:78,395,0,0
BRDA:78,395,1,0
BRDA:86,486,0,0
BRDA:86,486,1,0
BRDA:94,578,0,0
BRDA:94,578,1,0
BRDA:94,614,0,0
BRDA:94,614,1,0
LF:61
LH:18
BRF:16
BRH:0
FNF:3
FNH:1
end_of_record
SF:/home/julien.rocco/EclipseWorkspace/_JRO_LaPlay/Dev_Backend/LaPlay.Api/z_StandBy/DriveManager.cs
FN:12,System.Void LaPlay.Infrastructure.Shell.DriveManager::listFreeSpaces()
FNDA:0,System.Void LaPlay.Infrastructure.Shell.DriveManager::listFreeSpaces()
DA:13,0
DA:15,0
FN:17,System.Void LaPlay.Infrastructure.Shell.DriveManager::createPartitionWithFreeSpace(System.String)
FNDA:0,System.Void LaPlay.Infrastructure.Shell.DriveManager::createPartitionWithFreeSpace(System.String)
DA:18,0
DA:23,0
FN:28,System.Void LaPlay.Infrastructure.Shell.DriveManager::deletePartition(System.String)
FNDA:0,System.Void LaPlay.Infrastructure.Shell.DriveManager::deletePartition(System.String)
DA:29,0
DA:31,0
FN:33,System.Void LaPlay.Infrastructure.Shell.DriveManager::createMountPointForPartition(System.String,System.String)
FNDA:0,System.Void LaPlay.Infrastructure.Shell.DriveManager::createMountPointForPartition(System.String,System.String)
DA:34,0
DA:37,0
FN:39,System.Void LaPlay.Infrastructure.Shell.DriveManager::deleteMountPointForPartition(System.String,System.String)
FNDA:0,System.Void LaPlay.Infrastructure.Shell.DriveManager::deleteMountPointForPartition(System.String,System.String)
DA:40,0
DA:42,0
LF:10
LH:0
BRF:0
BRH:0
FNF:5
FNH:0
end_of_record
SF:/home/julien.rocco/EclipseWorkspace/_JRO_LaPlay/Dev_Backend/LaPlay.Api/Sources/Infrastructure/Repository/JsonAdapter.cs
FN:27,System.Void LaPlay.Infrastructure.Repository.JsonAdapter::Save()
FNDA:0,System.Void LaPlay.Infrastructure.Repository.JsonAdapter::Save()
DA:28,0
DA:29,0
DA:30,0
FN:42,System.Void LaPlay.Infrastructure.Repository.JsonAdapter::CreateStorageSpace(LaPlay.Business.Model.StorageSpace)
FNDA:0,System.Void LaPlay.Infrastructure.Repository.JsonAdapter::CreateStorageSpace(LaPlay.Business.Model.StorageSpace)
DA:43,0
DA:44,0
DA:45,0
DA:46,0
FN:48,LaPlay.Business.Model.StorageSpace LaPlay.Infrastructure.Repository.JsonAdapter::ReadStorageSpace(System.Guid)
FNDA:0,LaPlay.Business.Model.StorageSpace LaPlay.Infrastructure.Repository.JsonAdapter::ReadStorageSpace(System.Guid)
DA:49,0
DA:50,0
DA:51,0
FN:53,System.Collections.Generic.List`1<LaPlay.Business.Model.StorageSpace> LaPlay.Infrastructure.Repository.JsonAdapter::ReadStorageSpaces()
FNDA:0,System.Collections.Generic.List`1<LaPlay.Business.Model.StorageSpace> LaPlay.Infrastructure.Repository.JsonAdapter::ReadStorageSpaces()
DA:54,0
DA:55,0
DA:56,0
FN:58,System.Void LaPlay.Infrastructure.Repository.JsonAdapter::UpdateStorageSpace(LaPlay.Business.Model.StorageSpace)
FNDA:0,System.Void LaPlay.Infrastructure.Repository.JsonAdapter::UpdateStorageSpace(LaPlay.Business.Model.StorageSpace)
DA:59,0
DA:60,0
DA:61,0
DA:62,0
FN:64,System.Void LaPlay.Infrastructure.Repository.JsonAdapter::DeleteStorageSpaces(System.Guid)
FNDA:0,System.Void LaPlay.Infrastructure.Repository.JsonAdapter::DeleteStorageSpaces(System.Guid)
DA:65,0
DA:66,0
DA:67,0
DA:68,0
FN:31,System.Void LaPlay.Infrastructure.Repository.JsonAdapter::.ctor(Microsoft.Extensions.Configuration.IConfiguration,Microsoft.AspNetCore.Hosting.IHostingEnvironment)
FNDA:0,System.Void LaPlay.Infrastructure.Repository.JsonAdapter::.ctor(Microsoft.Extensions.Configuration.IConfiguration,Microsoft.AspNetCore.Hosting.IHostingEnvironment)
DA:32,0
DA:33,0
DA:34,0
DA:35,0
DA:37,0
DA:39,0
DA:40,0
LF:28
LH:0
BRF:0
BRH:0
FNF:7
FNH:0
end_of_record
SF:/home/julien.rocco/EclipseWorkspace/_JRO_LaPlay/Dev_Backend/LaPlay.Api/Sources/Business/StorageSpaceAdapter.cs
FN:19,System.Void LaPlay.Business.StorageSpaceAdapter::CreateStorageSpace(LaPlay.Business.Model.StorageSpace)
FNDA:0,System.Void LaPlay.Business.StorageSpaceAdapter::CreateStorageSpace(LaPlay.Business.Model.StorageSpace)
DA:20,0
DA:21,0
DA:22,0
FN:23,LaPlay.Business.Model.StorageSpace LaPlay.Business.StorageSpaceAdapter::ReadStorageSpace(System.Guid)
FNDA:0,LaPlay.Business.Model.StorageSpace LaPlay.Business.StorageSpaceAdapter::ReadStorageSpace(System.Guid)
DA:24,0
DA:25,0
DA:26,0
FN:27,System.Collections.Generic.List`1<LaPlay.Business.Model.StorageSpace> LaPlay.Business.StorageSpaceAdapter::ReadStorageSpaces()
FNDA:0,System.Collections.Generic.List`1<LaPlay.Business.Model.StorageSpace> LaPlay.Business.StorageSpaceAdapter::ReadStorageSpaces()
DA:28,0
DA:29,0
DA:30,0
FN:31,System.Void LaPlay.Business.StorageSpaceAdapter::UpdateStorageSpace(LaPlay.Business.Model.StorageSpace)
FNDA:0,System.Void LaPlay.Business.StorageSpaceAdapter::UpdateStorageSpace(LaPlay.Business.Model.StorageSpace)
DA:32,0
DA:33,0
DA:34,0
FN:35,System.Void LaPlay.Business.StorageSpaceAdapter::DeleteStorageSpace(System.Guid)
FNDA:0,System.Void LaPlay.Business.StorageSpaceAdapter::DeleteStorageSpace(System.Guid)
DA:36,0
DA:37,0
DA:38,0
FN:13,System.Void LaPlay.Business.StorageSpaceAdapter::.ctor(LaPlay.Infrastructure.Repository.IRepositoryContract)
FNDA:0,System.Void LaPlay.Business.StorageSpaceAdapter::.ctor(LaPlay.Infrastructure.Repository.IRepositoryContract)
DA:14,0
DA:15,0
DA:16,0
DA:17,0
LF:19
LH:0
BRF:0
BRH:0
FNF:6
FNH:0
end_of_record
SF:/home/julien.rocco/EclipseWorkspace/_JRO_LaPlay/Dev_Backend/LaPlay.Api/Sources/Access/Controller.cs
FN:35,System.String LaPlay.Access.v1Controller::a()
FNDA:1,System.String LaPlay.Access.v1Controller::a()
DA:36,1
DA:37,1
DA:38,1
FN:42,System.String LaPlay.Access.v1Controller::queryParams(System.String,System.String)
FNDA:0,System.String LaPlay.Access.v1Controller::queryParams(System.String,System.String)
DA:43,0
DA:44,0
DA:45,0
FN:50,Microsoft.AspNetCore.Mvc.ActionResult LaPlay.Access.v1Controller::Get(System.Int32)
FNDA:0,Microsoft.AspNetCore.Mvc.ActionResult LaPlay.Access.v1Controller::Get(System.Int32)
DA:51,0
DA:52,0
DA:53,0
DA:54,0
FN:60,Microsoft.AspNetCore.Mvc.IActionResult LaPlay.Access.v1Controller::CreateStorageSpace(LaPlay.Business.Model.StorageSpace)
FNDA:1,Microsoft.AspNetCore.Mvc.IActionResult LaPlay.Access.v1Controller::CreateStorageSpace(LaPlay.Business.Model.StorageSpace)
DA:61,1
DA:62,1
DA:64,1
DA:65,1
FN:69,Microsoft.AspNetCore.Mvc.IActionResult LaPlay.Access.v1Controller::ReadStorageSpaces(System.Guid)
FNDA:0,Microsoft.AspNetCore.Mvc.IActionResult LaPlay.Access.v1Controller::ReadStorageSpaces(System.Guid)
DA:70,0
DA:71,0
DA:72,0
FN:76,Microsoft.AspNetCore.Mvc.IActionResult LaPlay.Access.v1Controller::ReadStorageSpace(System.Guid)
FNDA:0,Microsoft.AspNetCore.Mvc.IActionResult LaPlay.Access.v1Controller::ReadStorageSpace(System.Guid)
DA:77,0
DA:78,0
DA:79,0
FN:83,Microsoft.AspNetCore.Mvc.IActionResult LaPlay.Access.v1Controller::UpdateStorageSpace(LaPlay.Business.Model.StorageSpace)
FNDA:0,Microsoft.AspNetCore.Mvc.IActionResult LaPlay.Access.v1Controller::UpdateStorageSpace(LaPlay.Business.Model.StorageSpace)
DA:84,0
DA:85,0
DA:86,0
DA:87,0
FN:91,Microsoft.AspNetCore.Mvc.IActionResult LaPlay.Access.v1Controller::DeleteStorageSpace(System.Guid)
FNDA:0,Microsoft.AspNetCore.Mvc.IActionResult LaPlay.Access.v1Controller::DeleteStorageSpace(System.Guid)
DA:92,0
DA:93,0
DA:94,0
DA:95,0
FN:24,System.Void LaPlay.Access.v1Controller::.ctor(Microsoft.Extensions.Logging.ILogger`1<LaPlay.Access.v1Controller>,LaPlay.Business.IStorageSpaceContract)
FNDA:2,System.Void LaPlay.Access.v1Controller::.ctor(Microsoft.Extensions.Logging.ILogger`1<LaPlay.Access.v1Controller>,LaPlay.Business.IStorageSpaceContract)
DA:25,2
DA:26,2
DA:27,2
DA:28,2
DA:29,2
LF:33
LH:12
BRF:0
BRH:0
FNF:9
FNH:3
end_of_record