SF:/home/julien.rocco/EclipseWorkspace/_JRO_LaPlay/Dev_Backend/LaPlay.Api/z_Deprecated/Log.cs
FN:25,System.Void Deprecated.Log::ThreadSafeLog(System.String)
FNDA:0,System.Void Deprecated.Log::ThreadSafeLog(System.String)
DA:26,0
DA:27,0
DA:28,0
DA:32,0
DA:33,0
FN:43,System.Void Deprecated.Log::Production(System.String)
FNDA:0,System.Void Deprecated.Log::Production(System.String)
DA:44,0
DA:45,0
DA:46,0
BRDA:45,15,0,0
BRDA:45,15,1,0
FN:47,System.Void Deprecated.Log::Developpement(System.String)
FNDA:0,System.Void Deprecated.Log::Developpement(System.String)
DA:48,0
DA:49,0
DA:50,0
BRDA:49,15,0,0
BRDA:49,15,1,0
FN:22,System.Void Deprecated.Log::.ctor(Deprecated.Log/Level)
FNDA:0,System.Void Deprecated.Log::.ctor(Deprecated.Log/Level)
DA:23,0
DA:35,0
DA:36,0
DA:37,0
DA:38,0
DA:40,0
DA:41,0
LF:18
LH:0
BRF:4
BRH:0
FNF:4
FNH:0
end_of_record
SF:/home/julien.rocco/EclipseWorkspace/_JRO_LaPlay/Dev_Backend/LaPlay.Api/Program.cs
FN:17,System.Void LaPlay.Program::Main(System.String[])
FNDA:0,System.Void LaPlay.Program::Main(System.String[])
DA:18,0
DA:20,0
DA:22,0
DA:23,0
DA:24,0
DA:25,0
DA:26,0
DA:27,0
DA:29,0
DA:30,0
DA:33,0
DA:35,0
DA:36,0
DA:37,0
FN:39,Microsoft.AspNetCore.Hosting.IWebHost LaPlay.Program::buildWebHost(System.String[])
FNDA:0,Microsoft.AspNetCore.Hosting.IWebHost LaPlay.Program::buildWebHost(System.String[])
DA:40,0
DA:41,0
DA:42,0
DA:43,0
DA:44,0
DA:45,0
DA:47,0
DA:48,0
DA:49,0
DA:50,0
DA:51,0
DA:52,0
DA:53,0
DA:54,0
DA:55,0
DA:56,0
DA:57,0
DA:58,0
DA:59,0
DA:60,0
DA:61,0
DA:62,0
DA:63,0
DA:64,0
DA:65,0
DA:66,0
DA:67,0
DA:69,0
DA:106,0
BRDA:47,77,0,0
BRDA:47,77,1,0
FN:109,Microsoft.AspNetCore.Hosting.IWebHostBuilder LaPlay.Program::CreateWebHostBuilder(System.String[])
FNDA:0,Microsoft.AspNetCore.Hosting.IWebHostBuilder LaPlay.Program::CreateWebHostBuilder(System.String[])
DA:110,0
DA:111,0
DA:112,0
DA:113,0
DA:114,0
DA:115,0
DA:116,0
DA:117,0
BRDA:110,17,0,0
BRDA:110,17,1,0
LF:51
LH:0
BRF:4
BRH:0
FNF:3
FNH:0
end_of_record
SF:/home/julien.rocco/EclipseWorkspace/_JRO_LaPlay/Dev_Backend/LaPlay.Api/Startup.cs
FN:20,Microsoft.Extensions.Configuration.IConfiguration LaPlay.Startup::get_Configuration()
FNDA:0,Microsoft.Extensions.Configuration.IConfiguration LaPlay.Startup::get_Configuration()
DA:21,0
FN:29,System.Void LaPlay.Startup::ConfigureServices(Microsoft.Extensions.DependencyInjection.IServiceCollection)
FNDA:2,System.Void LaPlay.Startup::ConfigureServices(Microsoft.Extensions.DependencyInjection.IServiceCollection)
DA:30,2
DA:31,2
DA:33,2
DA:34,2
DA:36,2
FN:39,System.Void LaPlay.Startup::Configure(Microsoft.AspNetCore.Builder.IApplicationBuilder,Microsoft.AspNetCore.Hosting.IHostingEnvironment)
FNDA:2,System.Void LaPlay.Startup::Configure(Microsoft.AspNetCore.Builder.IApplicationBuilder,Microsoft.AspNetCore.Hosting.IHostingEnvironment)
DA:40,2
DA:41,2
DA:42,0
DA:43,0
DA:44,0
DA:46,2
DA:47,2
DA:48,2
DA:50,2
DA:51,2
DA:52,2
BRDA:41,9,0,0
BRDA:41,9,1,2
FN:22,System.Void LaPlay.Startup::.ctor(Microsoft.Extensions.Configuration.IConfiguration)
FNDA:2,System.Void LaPlay.Startup::.ctor(Microsoft.Extensions.Configuration.IConfiguration)
DA:23,2
DA:24,2
DA:25,2
DA:26,2
LF:21
LH:17
BRF:2
BRH:1
FNF:4
FNH:3
end_of_record
SF:/home/julien.rocco/EclipseWorkspace/_JRO_LaPlay/Dev_Backend/LaPlay.Api/z_StandBy/DriveManagerCompanion.cs
FN:23,System.String LaPlay.Infrastructure.DriveManagerCompanion::listBlockDevices()
FNDA:0,System.String LaPlay.Infrastructure.DriveManagerCompanion::listBlockDevices()
DA:24,0
DA:26,0
DA:28,0
DA:29,0
FN:31,System.Void LaPlay.Infrastructure.DriveManagerCompanion::createPartition(System.String)
FNDA:0,System.Void LaPlay.Infrastructure.DriveManagerCompanion::createPartition(System.String)
DA:32,0
DA:34,0
FN:36,System.Void LaPlay.Infrastructure.DriveManagerCompanion::listPartitions()
FNDA:0,System.Void LaPlay.Infrastructure.DriveManagerCompanion::listPartitions()
DA:37,0
DA:39,0
FN:44,System.Void LaPlay.Infrastructure.DriveManagerCompanion::deletePartition(System.String)
FNDA:0,System.Void LaPlay.Infrastructure.DriveManagerCompanion::deletePartition(System.String)
DA:45,0
DA:49,0
DA:53,0
DA:54,0
DA:55,0
DA:56,0
DA:57,0
DA:58,0
FN:60,System.Void LaPlay.Infrastructure.DriveManagerCompanion::createPartitionMountPoint(System.String,System.String)
FNDA:0,System.Void LaPlay.Infrastructure.DriveManagerCompanion::createPartitionMountPoint(System.String,System.String)
DA:61,0
DA:65,0
FN:67,System.Void LaPlay.Infrastructure.DriveManagerCompanion::listPartitionMountPoints()
FNDA:0,System.Void LaPlay.Infrastructure.DriveManagerCompanion::listPartitionMountPoints()
DA:68,0
DA:70,0
FN:72,System.Void LaPlay.Infrastructure.DriveManagerCompanion::deletePartitionMountPoint(System.String)
FNDA:0,System.Void LaPlay.Infrastructure.DriveManagerCompanion::deletePartitionMountPoint(System.String)
DA:73,0
DA:79,0
FN:16,System.Void LaPlay.Infrastructure.DriveManagerCompanion::.ctor(LaPlay.Infrastructure.Shell.IShellContract)
FNDA:0,System.Void LaPlay.Infrastructure.DriveManagerCompanion::.ctor(LaPlay.Infrastructure.Shell.IShellContract)
DA:17,0
DA:18,0
DA:20,0
DA:21,0
LF:26
LH:0
BRF:0
BRH:0
FNF:8
FNH:0
end_of_record
SF:/home/julien.rocco/EclipseWorkspace/_JRO_LaPlay/Dev_Backend/LaPlay.Api/Sources/Infrastructure/Synchronization/SynchronizationAdapter.cs
FN:44,System.Collections.Generic.List`1<LaPlay.Infrastructure.Synchronization.SynchronizationAdapter/LSFile> LaPlay.Infrastructure.Synchronization.SynchronizationAdapter::ListFiles(System.String)
FNDA:0,System.Collections.Generic.List`1<LaPlay.Infrastructure.Synchronization.SynchronizationAdapter/LSFile> LaPlay.Infrastructure.Synchronization.SynchronizationAdapter::ListFiles(System.String)
DA:45,0
DA:46,0
DA:47,0
DA:48,0
DA:49,0
DA:50,0
BRDA:46,42,0,0
BRDA:46,42,1,0
BRDA:46,78,0,0
BRDA:46,78,1,0
FN:52,System.Collections.Generic.List`1<System.Tuple`2<LaPlay.Infrastructure.Synchronization.SynchronizationAdapter/LSFile,LaPlay.Infrastructure.Synchronization.SynchronizationAdapter/LSFile>> LaPlay.Infrastructure.Synchronization.SynchronizationAdapter::FullJoin(System.Collections.Generic.List`1<LaPlay.Infrastructure.Synchronization.SynchronizationAdapter/LSFile>,System.Collections.Generic.List`1<LaPlay.Infrastructure.Synchronization.SynchronizationAdapter/LSFile>)
FNDA:0,System.Collections.Generic.List`1<System.Tuple`2<LaPlay.Infrastructure.Synchronization.SynchronizationAdapter/LSFile,LaPlay.Infrastructure.Synchronization.SynchronizationAdapter/LSFile>> LaPlay.Infrastructure.Synchronization.SynchronizationAdapter::FullJoin(System.Collections.Generic.List`1<LaPlay.Infrastructure.Synchronization.SynchronizationAdapter/LSFile>,System.Collections.Generic.List`1<LaPlay.Infrastructure.Synchronization.SynchronizationAdapter/LSFile>)
DA:53,0
DA:55,0
DA:56,0
DA:57,0
DA:58,0
DA:59,0
DA:61,0
DA:62,0
DA:63,0
DA:64,0
DA:66,0
DA:67,0
DA:68,0
DA:69,0
DA:70,0
DA:72,0
DA:73,0
BRDA:55,9,0,0
BRDA:55,9,1,0
BRDA:55,40,0,0
BRDA:55,40,1,0
BRDA:55,71,0,0
BRDA:55,71,1,0
BRDA:55,107,0,0
BRDA:55,107,1,0
BRDA:55,138,0,0
BRDA:55,138,1,0
BRDA:55,174,0,0
BRDA:55,174,1,0
BRDA:55,210,0,0
BRDA:55,210,1,0
BRDA:61,249,0,0
BRDA:61,249,1,0
BRDA:61,280,0,0
BRDA:61,280,1,0
BRDA:61,311,0,0
BRDA:61,311,1,0
BRDA:61,347,0,0
BRDA:61,347,1,0
BRDA:61,378,0,0
BRDA:61,378,1,0
BRDA:66,417,0,0
BRDA:66,417,1,0
BRDA:66,448,0,0
BRDA:66,448,1,0
BRDA:66,479,0,0
BRDA:66,479,1,0
BRDA:66,515,0,0
BRDA:66,515,1,0
BRDA:66,546,0,0
BRDA:66,546,1,0
BRDA:66,582,0,0
BRDA:66,582,1,0
BRDA:66,618,0,0
BRDA:66,618,1,0
FN:74,System.Void LaPlay.Infrastructure.Synchronization.SynchronizationAdapter::CopyToMirror(System.String,System.String,LaPlay.Infrastructure.Synchronization.SynchronizationAdapter/LSFile)
FNDA:0,System.Void LaPlay.Infrastructure.Synchronization.SynchronizationAdapter::CopyToMirror(System.String,System.String,LaPlay.Infrastructure.Synchronization.SynchronizationAdapter/LSFile)
DA:75,0
FN:75,System.Void LaPlay.Infrastructure.Synchronization.SynchronizationAdapter::RemoveFromMirror(LaPlay.Infrastructure.Synchronization.SynchronizationAdapter/LSFile)
FNDA:0,System.Void LaPlay.Infrastructure.Synchronization.SynchronizationAdapter::RemoveFromMirror(LaPlay.Infrastructure.Synchronization.SynchronizationAdapter/LSFile)
DA:76,0
FN:76,System.Collections.Generic.List`1<LaPlay.Infrastructure.Synchronization.SynchronizationAdapter/LSFile> LaPlay.Infrastructure.Synchronization.SynchronizationAdapter::FilterNewFiles(System.Collections.Generic.List`1<System.Tuple`2<LaPlay.Infrastructure.Synchronization.SynchronizationAdapter/LSFile,LaPlay.Infrastructure.Synchronization.SynchronizationAdapter/LSFile>>)
FNDA:0,System.Collections.Generic.List`1<LaPlay.Infrastructure.Synchronization.SynchronizationAdapter/LSFile> LaPlay.Infrastructure.Synchronization.SynchronizationAdapter::FilterNewFiles(System.Collections.Generic.List`1<System.Tuple`2<LaPlay.Infrastructure.Synchronization.SynchronizationAdapter/LSFile,LaPlay.Infrastructure.Synchronization.SynchronizationAdapter/LSFile>>)
DA:77,0
BRDA:77,8,0,0
BRDA:77,8,1,0
BRDA:77,44,0,0
BRDA:77,44,1,0
FN:77,System.Collections.Generic.List`1<LaPlay.Infrastructure.Synchronization.SynchronizationAdapter/LSFile> LaPlay.Infrastructure.Synchronization.SynchronizationAdapter::FilterUpdatedFiles(System.Collections.Generic.List`1<System.Tuple`2<LaPlay.Infrastructure.Synchronization.SynchronizationAdapter/LSFile,LaPlay.Infrastructure.Synchronization.SynchronizationAdapter/LSFile>>)
FNDA:0,System.Collections.Generic.List`1<LaPlay.Infrastructure.Synchronization.SynchronizationAdapter/LSFile> LaPlay.Infrastructure.Synchronization.SynchronizationAdapter::FilterUpdatedFiles(System.Collections.Generic.List`1<System.Tuple`2<LaPlay.Infrastructure.Synchronization.SynchronizationAdapter/LSFile,LaPlay.Infrastructure.Synchronization.SynchronizationAdapter/LSFile>>)
DA:78,0
BRDA:78,8,0,0
BRDA:78,8,1,0
BRDA:78,44,0,0
BRDA:78,44,1,0
FN:78,System.Collections.Generic.List`1<LaPlay.Infrastructure.Synchronization.SynchronizationAdapter/LSFile> LaPlay.Infrastructure.Synchronization.SynchronizationAdapter::FilterDeletedFiles(System.Collections.Generic.List`1<System.Tuple`2<LaPlay.Infrastructure.Synchronization.SynchronizationAdapter/LSFile,LaPlay.Infrastructure.Synchronization.SynchronizationAdapter/LSFile>>)
FNDA:0,System.Collections.Generic.List`1<LaPlay.Infrastructure.Synchronization.SynchronizationAdapter/LSFile> LaPlay.Infrastructure.Synchronization.SynchronizationAdapter::FilterDeletedFiles(System.Collections.Generic.List`1<System.Tuple`2<LaPlay.Infrastructure.Synchronization.SynchronizationAdapter/LSFile,LaPlay.Infrastructure.Synchronization.SynchronizationAdapter/LSFile>>)
DA:79,0
BRDA:79,8,0,0
BRDA:79,8,1,0
BRDA:79,44,0,0
BRDA:79,44,1,0
FN:81,System.Void LaPlay.Infrastructure.Synchronization.SynchronizationAdapter::Synchronize(System.String,System.String)
FNDA:0,System.Void LaPlay.Infrastructure.Synchronization.SynchronizationAdapter::Synchronize(System.String,System.String)
DA:82,0
DA:83,0
DA:85,0
DA:86,0
DA:87,0
DA:88,0
FN:90,System.Void LaPlay.Infrastructure.Synchronization.SynchronizationAdapter::a()
FNDA:0,System.Void LaPlay.Infrastructure.Synchronization.SynchronizationAdapter::a()
DA:91,0
DA:92,0
DA:93,0
FN:38,System.Void LaPlay.Infrastructure.Synchronization.SynchronizationAdapter::.ctor(LaPlay.Infrastructure.Shell.IShellContract)
FNDA:0,System.Void LaPlay.Infrastructure.Synchronization.SynchronizationAdapter::.ctor(LaPlay.Infrastructure.Shell.IShellContract)
DA:39,0
DA:40,0
DA:41,0
DA:42,0
FN:18,System.Void LaPlay.Infrastructure.Synchronization.SynchronizationAdapter/LSFile::.ctor(System.String)
FNDA:7,System.Void LaPlay.Infrastructure.Synchronization.SynchronizationAdapter/LSFile::.ctor(System.String)
DA:19,7
DA:26,7
DA:27,7
DA:28,7
DA:30,7
DA:31,7
DA:32,7
DA:33,7
DA:34,7
LF:50
LH:9
BRF:56
BRH:0
FNF:11
FNH:1
end_of_record
SF:/home/julien.rocco/EclipseWorkspace/_JRO_LaPlay/Dev_Backend/LaPlay.Api/Sources/Infrastructure/Shell/LinuxAdapter.cs
FN:17,System.String LaPlay.Infrastructure.Shell.LinuxAdapter::RunCommand(System.String)
FNDA:0,System.String LaPlay.Infrastructure.Shell.LinuxAdapter::RunCommand(System.String)
DA:18,0
DA:19,0
DA:21,0
DA:22,0
DA:23,0
DA:24,0
DA:25,0
DA:26,0
DA:27,0
DA:28,0
DA:29,0
DA:30,0
DA:31,0
DA:32,0
DA:33,0
DA:34,0
DA:35,0
DA:36,0
FN:38,System.Diagnostics.Process LaPlay.Infrastructure.Shell.LinuxAdapter::RunNeverEndingCommand(System.String)
FNDA:0,System.Diagnostics.Process LaPlay.Infrastructure.Shell.LinuxAdapter::RunNeverEndingCommand(System.String)
DA:39,0
DA:40,0
DA:42,0
DA:43,0
DA:44,0
DA:45,0
DA:46,0
DA:47,0
DA:48,0
DA:49,0
DA:50,0
DA:51,0
DA:52,0
DA:53,0
DA:55,0
DA:56,0
FN:58,System.Collections.Generic.List`1<System.IO.FileInfo> LaPlay.Infrastructure.Shell.LinuxAdapter::ListFiles(System.String)
FNDA:0,System.Collections.Generic.List`1<System.IO.FileInfo> LaPlay.Infrastructure.Shell.LinuxAdapter::ListFiles(System.String)
DA:59,0
DA:60,0
DA:62,0
DA:63,0
DA:64,0
DA:65,0
DA:68,0
DA:70,0
DA:72,0
DA:73,0
DA:76,0
DA:78,0
DA:80,0
DA:81,0
DA:84,0
DA:86,0
DA:88,0
DA:89,0
DA:92,0
DA:94,0
DA:95,0
DA:96,0
DA:98,0
DA:99,0
DA:101,0
DA:103,0
DA:138,0
BRDA:62,162,0,0
BRDA:62,162,1,0
BRDA:62,198,0,0
BRDA:62,198,1,0
BRDA:62,234,0,0
BRDA:62,234,1,0
BRDA:70,307,0,0
BRDA:70,307,1,0
BRDA:78,395,0,0
BRDA:78,395,1,0
BRDA:86,486,0,0
BRDA:86,486,1,0
BRDA:94,578,0,0
BRDA:94,578,1,0
BRDA:94,614,0,0
BRDA:94,614,1,0
LF:61
LH:0
BRF:16
BRH:0
FNF:3
FNH:0
end_of_record
SF:/home/julien.rocco/EclipseWorkspace/_JRO_LaPlay/Dev_Backend/LaPlay.Api/z_StandBy/DriveManager.cs
FN:12,System.Void LaPlay.Infrastructure.Shell.DriveManager::listFreeSpaces()
FNDA:0,System.Void LaPlay.Infrastructure.Shell.DriveManager::listFreeSpaces()
DA:13,0
DA:15,0
FN:17,System.Void LaPlay.Infrastructure.Shell.DriveManager::createPartitionWithFreeSpace(System.String)
FNDA:0,System.Void LaPlay.Infrastructure.Shell.DriveManager::createPartitionWithFreeSpace(System.String)
DA:18,0
DA:23,0
FN:28,System.Void LaPlay.Infrastructure.Shell.DriveManager::deletePartition(System.String)
FNDA:0,System.Void LaPlay.Infrastructure.Shell.DriveManager::deletePartition(System.String)
DA:29,0
DA:31,0
FN:33,System.Void LaPlay.Infrastructure.Shell.DriveManager::createMountPointForPartition(System.String,System.String)
FNDA:0,System.Void LaPlay.Infrastructure.Shell.DriveManager::createMountPointForPartition(System.String,System.String)
DA:34,0
DA:37,0
FN:39,System.Void LaPlay.Infrastructure.Shell.DriveManager::deleteMountPointForPartition(System.String,System.String)
FNDA:0,System.Void LaPlay.Infrastructure.Shell.DriveManager::deleteMountPointForPartition(System.String,System.String)
DA:40,0
DA:42,0
LF:10
LH:0
BRF:0
BRH:0
FNF:5
FNH:0
end_of_record
SF:/home/julien.rocco/EclipseWorkspace/_JRO_LaPlay/Dev_Backend/LaPlay.Api/Sources/Infrastructure/Repository/JsonAdapter.cs
FN:27,System.Void LaPlay.Infrastructure.Repository.JsonAdapter::Save()
FNDA:0,System.Void LaPlay.Infrastructure.Repository.JsonAdapter::Save()
DA:28,0
DA:29,0
DA:30,0
FN:42,System.Void LaPlay.Infrastructure.Repository.JsonAdapter::CreateStorageSpace(LaPlay.Business.Model.StorageSpace)
FNDA:0,System.Void LaPlay.Infrastructure.Repository.JsonAdapter::CreateStorageSpace(LaPlay.Business.Model.StorageSpace)
DA:43,0
DA:44,0
DA:45,0
DA:46,0
FN:48,LaPlay.Business.Model.StorageSpace LaPlay.Infrastructure.Repository.JsonAdapter::ReadStorageSpace(System.Guid)
FNDA:0,LaPlay.Business.Model.StorageSpace LaPlay.Infrastructure.Repository.JsonAdapter::ReadStorageSpace(System.Guid)
DA:49,0
DA:50,0
DA:51,0
FN:53,System.Collections.Generic.List`1<LaPlay.Business.Model.StorageSpace> LaPlay.Infrastructure.Repository.JsonAdapter::ReadStorageSpaces()
FNDA:0,System.Collections.Generic.List`1<LaPlay.Business.Model.StorageSpace> LaPlay.Infrastructure.Repository.JsonAdapter::ReadStorageSpaces()
DA:54,0
DA:55,0
DA:56,0
FN:58,System.Void LaPlay.Infrastructure.Repository.JsonAdapter::UpdateStorageSpace(LaPlay.Business.Model.StorageSpace)
FNDA:0,System.Void LaPlay.Infrastructure.Repository.JsonAdapter::UpdateStorageSpace(LaPlay.Business.Model.StorageSpace)
DA:59,0
DA:60,0
DA:61,0
DA:62,0
FN:64,System.Void LaPlay.Infrastructure.Repository.JsonAdapter::DeleteStorageSpaces(System.Guid)
FNDA:0,System.Void LaPlay.Infrastructure.Repository.JsonAdapter::DeleteStorageSpaces(System.Guid)
DA:65,0
DA:66,0
DA:67,0
DA:68,0
FN:31,System.Void LaPlay.Infrastructure.Repository.JsonAdapter::.ctor(Microsoft.Extensions.Configuration.IConfiguration,Microsoft.AspNetCore.Hosting.IHostingEnvironment)
FNDA:0,System.Void LaPlay.Infrastructure.Repository.JsonAdapter::.ctor(Microsoft.Extensions.Configuration.IConfiguration,Microsoft.AspNetCore.Hosting.IHostingEnvironment)
DA:32,0
DA:33,0
DA:34,0
DA:35,0
DA:37,0
DA:39,0
DA:40,0
LF:28
LH:0
BRF:0
BRH:0
FNF:7
FNH:0
end_of_record
SF:/home/julien.rocco/EclipseWorkspace/_JRO_LaPlay/Dev_Backend/LaPlay.Api/Sources/Business/StorageSpaceAdapter.cs
FN:19,System.Void LaPlay.Business.StorageSpaceAdapter::CreateStorageSpace(LaPlay.Business.Model.StorageSpace)
FNDA:0,System.Void LaPlay.Business.StorageSpaceAdapter::CreateStorageSpace(LaPlay.Business.Model.StorageSpace)
DA:20,0
DA:21,0
DA:22,0
FN:23,LaPlay.Business.Model.StorageSpace LaPlay.Business.StorageSpaceAdapter::ReadStorageSpace(System.Guid)
FNDA:0,LaPlay.Business.Model.StorageSpace LaPlay.Business.StorageSpaceAdapter::ReadStorageSpace(System.Guid)
DA:24,0
DA:25,0
DA:26,0
FN:27,System.Collections.Generic.List`1<LaPlay.Business.Model.StorageSpace> LaPlay.Business.StorageSpaceAdapter::ReadStorageSpaces()
FNDA:0,System.Collections.Generic.List`1<LaPlay.Business.Model.StorageSpace> LaPlay.Business.StorageSpaceAdapter::ReadStorageSpaces()
DA:28,0
DA:29,0
DA:30,0
FN:31,System.Void LaPlay.Business.StorageSpaceAdapter::UpdateStorageSpace(LaPlay.Business.Model.StorageSpace)
FNDA:0,System.Void LaPlay.Business.StorageSpaceAdapter::UpdateStorageSpace(LaPlay.Business.Model.StorageSpace)
DA:32,0
DA:33,0
DA:34,0
FN:35,System.Void LaPlay.Business.StorageSpaceAdapter::DeleteStorageSpace(System.Guid)
FNDA:0,System.Void LaPlay.Business.StorageSpaceAdapter::DeleteStorageSpace(System.Guid)
DA:36,0
DA:37,0
DA:38,0
FN:13,System.Void LaPlay.Business.StorageSpaceAdapter::.ctor(LaPlay.Infrastructure.Repository.IRepositoryContract)
FNDA:0,System.Void LaPlay.Business.StorageSpaceAdapter::.ctor(LaPlay.Infrastructure.Repository.IRepositoryContract)
DA:14,0
DA:15,0
DA:16,0
DA:17,0
LF:19
LH:0
BRF:0
BRH:0
FNF:6
FNH:0
end_of_record
SF:/home/julien.rocco/EclipseWorkspace/_JRO_LaPlay/Dev_Backend/LaPlay.Api/Sources/Access/Controller.cs
FN:35,System.String LaPlay.Access.v1Controller::a()
FNDA:1,System.String LaPlay.Access.v1Controller::a()
DA:36,1
DA:37,1
DA:38,1
FN:42,System.String LaPlay.Access.v1Controller::queryParams(System.String,System.String)
FNDA:0,System.String LaPlay.Access.v1Controller::queryParams(System.String,System.String)
DA:43,0
DA:44,0
DA:45,0
FN:50,Microsoft.AspNetCore.Mvc.ActionResult LaPlay.Access.v1Controller::Get(System.Int32)
FNDA:0,Microsoft.AspNetCore.Mvc.ActionResult LaPlay.Access.v1Controller::Get(System.Int32)
DA:51,0
DA:52,0
DA:53,0
DA:54,0
FN:60,Microsoft.AspNetCore.Mvc.IActionResult LaPlay.Access.v1Controller::CreateStorageSpace(LaPlay.Business.Model.StorageSpace)
FNDA:1,Microsoft.AspNetCore.Mvc.IActionResult LaPlay.Access.v1Controller::CreateStorageSpace(LaPlay.Business.Model.StorageSpace)
DA:61,1
DA:62,1
DA:64,1
DA:65,1
FN:69,Microsoft.AspNetCore.Mvc.IActionResult LaPlay.Access.v1Controller::ReadStorageSpaces(System.Guid)
FNDA:0,Microsoft.AspNetCore.Mvc.IActionResult LaPlay.Access.v1Controller::ReadStorageSpaces(System.Guid)
DA:70,0
DA:71,0
DA:72,0
FN:76,Microsoft.AspNetCore.Mvc.IActionResult LaPlay.Access.v1Controller::ReadStorageSpace(System.Guid)
FNDA:0,Microsoft.AspNetCore.Mvc.IActionResult LaPlay.Access.v1Controller::ReadStorageSpace(System.Guid)
DA:77,0
DA:78,0
DA:79,0
FN:83,Microsoft.AspNetCore.Mvc.IActionResult LaPlay.Access.v1Controller::UpdateStorageSpace(LaPlay.Business.Model.StorageSpace)
FNDA:0,Microsoft.AspNetCore.Mvc.IActionResult LaPlay.Access.v1Controller::UpdateStorageSpace(LaPlay.Business.Model.StorageSpace)
DA:84,0
DA:85,0
DA:86,0
DA:87,0
FN:91,Microsoft.AspNetCore.Mvc.IActionResult LaPlay.Access.v1Controller::DeleteStorageSpace(System.Guid)
FNDA:0,Microsoft.AspNetCore.Mvc.IActionResult LaPlay.Access.v1Controller::DeleteStorageSpace(System.Guid)
DA:92,0
DA:93,0
DA:94,0
DA:95,0
FN:24,System.Void LaPlay.Access.v1Controller::.ctor(Microsoft.Extensions.Logging.ILogger`1<LaPlay.Access.v1Controller>,LaPlay.Business.IStorageSpaceContract)
FNDA:2,System.Void LaPlay.Access.v1Controller::.ctor(Microsoft.Extensions.Logging.ILogger`1<LaPlay.Access.v1Controller>,LaPlay.Business.IStorageSpaceContract)
DA:25,2
DA:26,2
DA:27,2
DA:28,2
DA:29,2
LF:33
LH:12
BRF:0
BRH:0
FNF:9
FNH:3
end_of_record